c:\users\marina\documents\visual studio 2015\projects\piano\piano\x64\debug\vc140.pdb
c:\users\marina\documents\visual studio 2015\projects\piano\piano\x64\debug\qrc_piano.obj
c:\users\marina\documents\visual studio 2015\projects\piano\piano\x64\debug\notefrequency.obj
c:\users\marina\documents\visual studio 2015\projects\piano\piano\generatedfiles\qrc_piano.cpp
c:\users\marina\documents\visual studio 2015\projects\piano\piano\generatedfiles\ui_piano.h
c:\users\marina\documents\visual studio 2015\projects\piano\piano\generatedfiles\debug\moc_piano.cpp
c:\users\marina\documents\visual studio 2015\projects\piano\x64\debug\piano.ilk
c:\users\marina\documents\visual studio 2015\projects\piano\x64\debug\piano.exe
c:\users\marina\documents\visual studio 2015\projects\piano\x64\debug\piano.pdb
c:\users\marina\documents\visual studio 2015\projects\piano\piano\x64\debug\piano.vcxprojresolveassemblyreference.cache
c:\users\marina\documents\visual studio 2015\projects\piano\piano\x64\debug\main.obj
c:\users\marina\documents\visual studio 2015\projects\piano\piano\x64\debug\moc_piano.obj
c:\users\marina\documents\visual studio 2015\projects\piano\piano\x64\debug\piano.obj
c:\users\marina\documents\visual studio 2015\projects\piano\piano\x64\debug\piano.tlog\cl.command.1.tlog
c:\users\marina\documents\visual studio 2015\projects\piano\piano\x64\debug\piano.tlog\cl.read.1.tlog
c:\users\marina\documents\visual studio 2015\projects\piano\piano\x64\debug\piano.tlog\cl.write.1.tlog
c:\users\marina\documents\visual studio 2015\projects\piano\piano\x64\debug\piano.tlog\custombuild.command.1.tlog
c:\users\marina\documents\visual studio 2015\projects\piano\piano\x64\debug\piano.tlog\custombuild.read.1.tlog
c:\users\marina\documents\visual studio 2015\projects\piano\piano\x64\debug\piano.tlog\custombuild.write.1.tlog
c:\users\marina\documents\visual studio 2015\projects\piano\piano\x64\debug\piano.tlog\link.command.1.tlog
c:\users\marina\documents\visual studio 2015\projects\piano\piano\x64\debug\piano.tlog\link.read.1.tlog
c:\users\marina\documents\visual studio 2015\projects\piano\piano\x64\debug\piano.tlog\link.write.1.tlog
